<?xml version="1.0" encoding="UTF-8"?>
<testng-results skipped="0" failed="1" ignored="0" total="1" passed="0">
  <reporter-output>
  </reporter-output>
  <suite name="Default suite" duration-ms="42682" started-at="2023-10-12T22:45:40 IST" finished-at="2023-10-12T22:46:22 IST">
    <groups>
    </groups>
    <test name="Default test" duration-ms="42682" started-at="2023-10-12T22:45:40 IST" finished-at="2023-10-12T22:46:22 IST">
      <class name="Assignment.HomepageTest">
        <test-method status="PASS" signature="before()[pri:0, instance:Assignment.HomepageTest@6ee52dcd]" name="before" is-config="true" duration-ms="28136" started-at="2023-10-12T22:45:40 IST" finished-at="2023-10-12T22:46:08 IST">
          <reporter-output>
          </reporter-output>
        </test-method> <!-- before -->
        <test-method status="FAIL" signature="test_menuList()[pri:0, instance:Assignment.HomepageTest@6ee52dcd]" name="test_menuList" duration-ms="13493" started-at="2023-10-12T22:46:08 IST" finished-at="2023-10-12T22:46:21 IST">
          <exception class="java.lang.AssertionError">
            <message>
              <![CDATA[Lists differ at element [0]: Admin !=  expected [Admin] but found []]]>
            </message>
            <full-stacktrace>
              <![CDATA[java.lang.AssertionError: Lists differ at element [0]: Admin !=  expected [Admin] but found []
at org.testng.Assert.fail(Assert.java:99)
at org.testng.Assert.failNotEquals(Assert.java:1037)
at org.testng.Assert.assertEqualsImpl(Assert.java:140)
at org.testng.Assert.assertEquals(Assert.java:1103)
at org.testng.Assert.assertEquals(Assert.java:1065)
at Assignment.HomepageTest.test_menuList(HomepageTest.java:40)
at sun.reflect.NativeMethodAccessorImpl.invoke0(Native Method)
at sun.reflect.NativeMethodAccessorImpl.invoke(Unknown Source)
at sun.reflect.DelegatingMethodAccessorImpl.invoke(Unknown Source)
at java.lang.reflect.Method.invoke(Unknown Source)
at org.testng.internal.MethodInvocationHelper.invokeMethod(MethodInvocationHelper.java:133)
at org.testng.internal.TestInvoker.invokeMethod(TestInvoker.java:598)
at org.testng.internal.TestInvoker.invokeTestMethod(TestInvoker.java:173)
at org.testng.internal.MethodRunner.runInSequence(MethodRunner.java:46)
at org.testng.internal.TestInvoker$MethodInvocationAgent.invoke(TestInvoker.java:824)
at org.testng.internal.TestInvoker.invokeTestMethods(TestInvoker.java:146)
at org.testng.internal.TestMethodWorker.invokeTestMethods(TestMethodWorker.java:146)
at org.testng.internal.TestMethodWorker.run(TestMethodWorker.java:128)
at java.util.ArrayList.forEach(Unknown Source)
at org.testng.TestRunner.privateRun(TestRunner.java:794)
at org.testng.TestRunner.run(TestRunner.java:596)
at org.testng.SuiteRunner.runTest(SuiteRunner.java:377)
at org.testng.SuiteRunner.runSequentially(SuiteRunner.java:371)
at org.testng.SuiteRunner.privateRun(SuiteRunner.java:332)
at org.testng.SuiteRunner.run(SuiteRunner.java:276)
at org.testng.SuiteRunnerWorker.runSuite(SuiteRunnerWorker.java:53)
at org.testng.SuiteRunnerWorker.run(SuiteRunnerWorker.java:96)
at org.testng.TestNG.runSuitesSequentially(TestNG.java:1212)
at org.testng.TestNG.runSuitesLocally(TestNG.java:1134)
at org.testng.TestNG.runSuites(TestNG.java:1063)
at org.testng.TestNG.run(TestNG.java:1031)
at org.testng.remote.AbstractRemoteTestNG.run(AbstractRemoteTestNG.java:115)
at org.testng.remote.RemoteTestNG.initAndRun(RemoteTestNG.java:251)
at org.testng.remote.RemoteTestNG.main(RemoteTestNG.java:77)
]]>
            </full-stacktrace>
          </exception> <!-- java.lang.AssertionError -->
          <reporter-output>
          </reporter-output>
        </test-method> <!-- test_menuList -->
        <test-method status="PASS" signature="after()[pri:0, instance:Assignment.HomepageTest@6ee52dcd]" name="after" is-config="true" duration-ms="932" started-at="2023-10-12T22:46:21 IST" finished-at="2023-10-12T22:46:22 IST">
          <reporter-output>
          </reporter-output>
        </test-method> <!-- after -->
      </class> <!-- Assignment.HomepageTest -->
    </test> <!-- Default test -->
  </suite> <!-- Default suite -->
</testng-results>
